<?xml version="1.0" encoding="UTF-8"?>
<!-- Generated by org.testng.reporters.JUnitReportReporter -->
<testsuite hostname="DESKTOP-GFGE941" failures="0" tests="3" name="testsuite.PoupWindowns_Day17" time="25.461" errors="0" timestamp="2023-11-19T19:20:26 JST" skipped="0">
  <testcase classname="testsuite.PoupWindowns_Day17" name="verifyNewTab" time="10.439"/>
  <testcase classname="testsuite.PoupWindowns_Day17" name="verifyNewTab" time="6.048"/>
  <testcase classname="testsuite.PoupWindowns_Day17" name="verifyNewTab" time="8.974"/>
</testsuite> <!-- testsuite.PoupWindowns_Day17 -->
