<?xml version="1.0" encoding="UTF-8"?>
<!-- Generated by org.testng.reporters.JUnitReportReporter -->
<testsuite hostname="DESKTOP-GFGE941" failures="0" tests="6" name="testsuite.TrizenFlight" time="70.675" errors="0" timestamp="2023-11-19T19:20:26 JST" skipped="0">
  <testcase classname="testsuite.TrizenFlight" name="findFlight" time="17.141"/>
  <testcase classname="testsuite.TrizenFlight" name="chooseDateTimeSuccessfully" time="7.530"/>
  <testcase classname="testsuite.TrizenFlight" name="findFlight" time="8.808"/>
  <testcase classname="testsuite.TrizenFlight" name="chooseDateTimeSuccessfully" time="9.421"/>
  <testcase classname="testsuite.TrizenFlight" name="chooseDateTimeSuccessfully" time="14.820"/>
  <testcase classname="testsuite.TrizenFlight" name="findFlight" time="12.955"/>
</testsuite> <!-- testsuite.TrizenFlight -->
