<?xml version="1.0" encoding="UTF-8"?>
<!-- Generated by org.testng.reporters.JUnitReportReporter -->
<testsuite hostname="Admin-PC" failures="0" tests="1" name="automation.testsuite.EditProject" time="48.883" errors="0" timestamp="2023-11-30T19:23:20 GMT+07:00" skipped="0">
  <testcase classname="automation.testsuite.EditProject" name="editProjectSuccessfully" time="48.883"/>
  <system-out/>
</testsuite> <!-- automation.testsuite.EditProject -->
