<?xml version="1.0" encoding="UTF-8"?>
<!-- Generated by org.testng.reporters.JUnitReportReporter -->
<testsuite hostname="DESKTOP-GFGE941" failures="0" tests="3" name="testsuite.Day12_Checkbox_Radio_Dropdownlist" time="17.430" errors="0" timestamp="2023-11-19T19:20:26 JST" skipped="0">
  <testcase classname="testsuite.Day12_Checkbox_Radio_Dropdownlist" name="ClickOnCheckBox" time="5.679"/>
  <testcase classname="testsuite.Day12_Checkbox_Radio_Dropdownlist" name="ClickOnCheckBox" time="9.821"/>
  <testcase classname="testsuite.Day12_Checkbox_Radio_Dropdownlist" name="ClickOnCheckBox" time="1.930"/>
</testsuite> <!-- testsuite.Day12_Checkbox_Radio_Dropdownlist -->
