<?xml version="1.0" encoding="UTF-8"?>
<!-- Generated by org.testng.reporters.JUnitReportReporter -->
<testsuite hostname="Admin-PC" failures="0" tests="2" name="automation.testsuite.TestScreen" time="191.107" errors="0" timestamp="2023-11-30T19:23:20 GMT+07:00" skipped="0">
  <testcase classname="automation.testsuite.TestScreen" name="hideClient" time="54.880"/>
  <system-out/>
  <testcase classname="automation.testsuite.TestScreen" name="hideClientPriceStartdate" time="136.227"/>
  <system-out/>
</testsuite> <!-- automation.testsuite.TestScreen -->
