<?xml version="1.0" encoding="UTF-8"?>
<!-- Generated by org.testng.reporters.JUnitReportReporter -->
<testsuite hostname="DESKTOP-GFGE941" failures="0" tests="6" name="testsuite.Day8_HW1_LocatorElement" time="52.529" errors="0" timestamp="2023-11-19T19:20:26 JST" skipped="0">
  <testcase classname="testsuite.Day8_HW1_LocatorElement" name="findLocatorByName" time="9.909"/>
  <testcase classname="testsuite.Day8_HW1_LocatorElement" name="findLocatorById" time="5.398"/>
  <testcase classname="testsuite.Day8_HW1_LocatorElement" name="findLocatorByName" time="6.508"/>
  <testcase classname="testsuite.Day8_HW1_LocatorElement" name="findLocatorById" time="12.874"/>
  <testcase classname="testsuite.Day8_HW1_LocatorElement" name="findLocatorByName" time="8.885"/>
  <testcase classname="testsuite.Day8_HW1_LocatorElement" name="findLocatorById" time="8.955"/>
</testsuite> <!-- testsuite.Day8_HW1_LocatorElement -->
