<?xml version="1.0" encoding="UTF-8"?>
<!-- Generated by org.testng.reporters.JUnitReportReporter -->
<testsuite hostname="DESKTOP-GFGE941" failures="0" tests="3" name="testsuite.Day12_RadioButton" time="18.372" errors="0" timestamp="2023-11-19T19:20:26 JST" skipped="0">
  <testcase classname="testsuite.Day12_RadioButton" name="radioButton" time="3.308"/>
  <testcase classname="testsuite.Day12_RadioButton" name="radioButton" time="9.672"/>
  <testcase classname="testsuite.Day12_RadioButton" name="radioButton" time="5.392"/>
</testsuite> <!-- testsuite.Day12_RadioButton -->
