<?xml version="1.0" encoding="UTF-8"?>
<!-- Generated by org.testng.reporters.JUnitReportReporter -->
<testsuite hostname="DESKTOP-GFGE941" failures="0" tests="6" name="testsuite.Day8_HW2_LocatorElement" time="32.700" errors="0" timestamp="2023-11-19T19:20:26 JST" skipped="0">
  <testcase classname="testsuite.Day8_HW2_LocatorElement" name="findLocatorById" time="5.479"/>
  <testcase classname="testsuite.Day8_HW2_LocatorElement" name="findLocatorById" time="1.584"/>
  <testcase classname="testsuite.Day8_HW2_LocatorElement" name="findLocatorByName" time="1.534"/>
  <testcase classname="testsuite.Day8_HW2_LocatorElement" name="findLocatorByName" time="5.068"/>
  <testcase classname="testsuite.Day8_HW2_LocatorElement" name="findLocatorByName" time="9.351"/>
  <testcase classname="testsuite.Day8_HW2_LocatorElement" name="findLocatorById" time="9.684"/>
</testsuite> <!-- testsuite.Day8_HW2_LocatorElement -->
