<?xml version="1.0" encoding="UTF-8"?>
<!-- Generated by org.testng.reporters.JUnitReportReporter -->
<testsuite hostname="DESKTOP-GFGE941" failures="0" tests="3" name="testsuite.editProject" time="148.253" errors="0" timestamp="2023-11-29T15:18:52 JST" skipped="0">
  <testcase classname="testsuite.editProject" name="editProjectSuccessfully" time="47.354"/>
  <testcase classname="testsuite.editProject" name="editProjectSuccessfully" time="55.434"/>
  <testcase classname="testsuite.editProject" name="editProjectSuccessfully" time="45.465"/>
</testsuite> <!-- testsuite.editProject -->
