<?xml version="1.0" encoding="UTF-8"?>
<!-- Generated by org.testng.reporters.JUnitReportReporter -->
<testsuite hostname="DESKTOP-GFGE941" failures="0" tests="15" name="testsuite.Day13_Login" time="153.112" errors="0" timestamp="2023-11-19T19:20:26 JST" skipped="0">
  <testcase classname="testsuite.Day13_Login" name="loginFail_IncorrectPass_IncorrectEmail" time="7.689"/>
  <testcase classname="testsuite.Day13_Login" name="loginFail_IncorrectPass_IncorrectEmail" time="10.981"/>
  <testcase classname="testsuite.Day13_Login" name="loginFail_IncorrectPass_IncorrectEmail" time="9.628"/>
  <testcase classname="testsuite.Day13_Login" name="logOut" time="12.940"/>
  <testcase classname="testsuite.Day13_Login" name="logOut" time="8.825"/>
  <testcase classname="testsuite.Day13_Login" name="logOut" time="11.539"/>
  <testcase classname="testsuite.Day13_Login" name="loginFail_IncorrectPass" time="9.608"/>
  <testcase classname="testsuite.Day13_Login" name="loginFail_IncorrectPass" time="10.915"/>
  <testcase classname="testsuite.Day13_Login" name="loginFail_IncorrectPass" time="8.739"/>
  <testcase classname="testsuite.Day13_Login" name="loginFail_IncorrectEmail" time="9.083"/>
  <testcase classname="testsuite.Day13_Login" name="loginFail_IncorrectEmail" time="10.988"/>
  <testcase classname="testsuite.Day13_Login" name="loginFail_IncorrectEmail" time="11.212"/>
  <testcase classname="testsuite.Day13_Login" name="loginSuccessfully" time="8.132"/>
  <testcase classname="testsuite.Day13_Login" name="loginSuccessfully" time="10.760"/>
  <testcase classname="testsuite.Day13_Login" name="loginSuccessfully" time="12.073"/>
</testsuite> <!-- testsuite.Day13_Login -->
