<?xml version="1.0" encoding="UTF-8"?>
<!-- Generated by org.testng.reporters.JUnitReportReporter -->
<testsuite hostname="Admin-PC" failures="0" tests="2" name="hoantest.Day12_Checkbox_Radio_Dropdown" time="0.607" errors="0" timestamp="2023-07-23T21:45:38 GMT+07:00" skipped="0">
  <testcase classname="hoantest.Day12_Checkbox_Radio_Dropdown" name="isRadioButtonSelected" time="0.490"/>
  <system-out/>
  <testcase classname="hoantest.Day12_Checkbox_Radio_Dropdown" name="isRadioButtonSelected" time="0.117"/>
  <system-out/>
</testsuite> <!-- hoantest.Day12_Checkbox_Radio_Dropdown -->
