<?xml version="1.0" encoding="UTF-8"?>
<!-- Generated by org.testng.reporters.JUnitReportReporter -->
<testsuite hostname="DESKTOP-GFGE941" failures="0" tests="1" name="testsuite.Day12_Checkbox_Radio_Dropdown" time="0.163" errors="0" timestamp="2023-11-16T23:02:36 JST" skipped="0">
  <testcase classname="testsuite.Day12_Checkbox_Radio_Dropdown" name="isRadioButtonSelected" time="0.163"/>
</testsuite> <!-- testsuite.Day12_Checkbox_Radio_Dropdown -->
