<?xml version="1.0" encoding="UTF-8"?>
<!-- Generated by org.testng.reporters.JUnitReportReporter -->
<testsuite hostname="DESKTOP-GFGE941" failures="0" tests="6" name="testsuite.Day12_HW" time="34.249" errors="0" timestamp="2023-11-19T19:20:26 JST" skipped="0">
  <testcase classname="testsuite.Day12_HW" name="selectDropdown" time="5.818"/>
  <testcase classname="testsuite.Day12_HW" name="selectDropdown" time="1.804"/>
  <testcase classname="testsuite.Day12_HW" name="selectRadioButton" time="1.723"/>
  <testcase classname="testsuite.Day12_HW" name="selectRadioButton" time="5.448"/>
  <testcase classname="testsuite.Day12_HW" name="selectDropdown" time="9.755"/>
  <testcase classname="testsuite.Day12_HW" name="selectRadioButton" time="9.701"/>
</testsuite> <!-- testsuite.Day12_HW -->
