<?xml version="1.0" encoding="UTF-8"?>
<!-- Generated by org.testng.reporters.JUnitReportReporter -->
<testsuite hostname="DESKTOP-GFGE941" failures="0" tests="9" name="testsuite.Day16_AlertPractice" time="69.000" errors="0" timestamp="2023-11-19T19:20:26 JST" skipped="0">
  <testcase classname="testsuite.Day16_AlertPractice" name="alertWithOkAndCancel_OkClick" time="9.263"/>
  <testcase classname="testsuite.Day16_AlertPractice" name="alertWithOkAndCancel_CancelClick" time="8.546"/>
  <testcase classname="testsuite.Day16_AlertPractice" name="alertWithOkAndCancel_CancelClick" time="8.169"/>
  <testcase classname="testsuite.Day16_AlertPractice" name="alertWithOkAndCancel_OkClick" time="8.318"/>
  <testcase classname="testsuite.Day16_AlertPractice" name="alertWithTextbox_FillTextAndCancelClick" time="7.292"/>
  <testcase classname="testsuite.Day16_AlertPractice" name="alertWithOkAndCancel_CancelClick" time="6.277"/>
  <testcase classname="testsuite.Day16_AlertPractice" name="alertWithTextbox_FillTextAndCancelClick" time="9.041"/>
  <testcase classname="testsuite.Day16_AlertPractice" name="alertWithOkAndCancel_OkClick" time="6.641"/>
  <testcase classname="testsuite.Day16_AlertPractice" name="alertWithTextbox_FillTextAndCancelClick" time="5.453"/>
</testsuite> <!-- testsuite.Day16_AlertPractice -->
